<?xml version="1.0" encoding="UTF-8"?>
<!-- Generated by org.testng.reporters.JUnitReportReporter -->
<testsuite hostname="inlen8520016086" failures="0" tests="1" name="Academy.validateLoginPage" time="5.251" errors="0" timestamp="11 Jun 2022 06:14:40 GMT">
  <testcase classname="Academy.validateLoginPage" name="login" time="5.251"/>
</testsuite> <!-- Academy.validateLoginPage -->
